Started GET "/" for 127.0.0.1 at 2018-04-21 12:25:08 -0400
Processing by TransactionsController#home as HTML
  Rendering transactions/index.html.erb within layouts/application
  Rendered transactions/index.html.erb within layouts/application (1.1ms)
Completed 200 OK in 471ms (Views: 312.4ms)


Started GET "/" for 127.0.0.1 at 2018-04-23 10:33:04 -0400
Processing by TransactionsController#home as HTML
  Rendering transactions/index.html.erb within layouts/application
  Rendered transactions/index.html.erb within layouts/application (1.5ms)
Completed 200 OK in 405ms (Views: 243.2ms)


Started GET "/" for 127.0.0.1 at 2018-04-23 10:36:49 -0400
Processing by TransactionsController#home as HTML
  Rendering transactions/index.html.erb within layouts/application
  Rendered transactions/index.html.erb within layouts/application (0.3ms)
Completed 200 OK in 99ms (Views: 97.9ms)


Started GET "/" for 127.0.0.1 at 2018-04-23 10:37:34 -0400
Processing by TransactionsController#home as HTML
  Rendering transactions/index.html.erb within layouts/application
  Rendered transactions/index.html.erb within layouts/application (0.3ms)
Completed 200 OK in 18ms (Views: 17.5ms)


Started GET "/" for 127.0.0.1 at 2018-04-23 10:38:07 -0400
Processing by TransactionsController#home as HTML
  Rendering transactions/index.html.erb within layouts/application
  Rendered transactions/index.html.erb within layouts/application (1.7ms)
Completed 200 OK in 66ms (Views: 64.7ms)


Started GET "/" for 127.0.0.1 at 2018-04-23 10:39:59 -0400
Processing by TransactionsController#home as HTML
  Rendering transactions/index.html.erb within layouts/application
  Rendered transactions/index.html.erb within layouts/application (0.3ms)
Completed 200 OK in 56ms (Views: 55.7ms)


Started GET "/" for 127.0.0.1 at 2018-04-23 10:41:15 -0400
Processing by TransactionsController#home as HTML
  Rendering transactions/index.html.erb within layouts/application
  Rendered transactions/index.html.erb within layouts/application (0.4ms)
Completed 200 OK in 47ms (Views: 46.7ms)


Started GET "/" for 127.0.0.1 at 2018-04-23 10:53:09 -0400
Processing by TransactionsController#home as HTML
  Rendering transactions/index.html.erb within layouts/application
  Rendered transactions/index.html.erb within layouts/application (0.3ms)
Completed 200 OK in 65ms (Views: 63.8ms)


Started GET "/" for 127.0.0.1 at 2018-04-23 10:53:33 -0400
Processing by TransactionsController#home as HTML
  Rendering transactions/index.html.erb within layouts/application
  Rendered transactions/index.html.erb within layouts/application (0.5ms)
Completed 200 OK in 40ms (Views: 39.1ms)


Started GET "/" for 127.0.0.1 at 2018-04-23 10:54:16 -0400
Processing by TransactionsController#home as HTML
  Rendering transactions/index.html.erb within layouts/application
  Rendered transactions/index.html.erb within layouts/application (0.4ms)
Completed 200 OK in 57ms (Views: 56.7ms)


Started GET "/" for 127.0.0.1 at 2018-04-23 11:16:16 -0400
Processing by TransactionsController#home as HTML
  Rendering transactions/index.html.erb within layouts/application
  Rendered transactions/index.html.erb within layouts/application (1.1ms)
Completed 200 OK in 92ms (Views: 86.6ms)


Started GET "/" for 127.0.0.1 at 2018-04-23 13:03:34 -0400
Processing by TransactionsController#home as HTML
  Rendering transactions/index.html.erb within layouts/application
  Rendered transactions/index.html.erb within layouts/application (0.6ms)
Completed 200 OK in 27ms (Views: 26.3ms)


Started GET "/" for 127.0.0.1 at 2018-04-23 13:07:01 -0400
Processing by TransactionsController#home as HTML
  Rendering transactions/index.html.erb within layouts/application
  Rendered transactions/index.html.erb within layouts/application (0.4ms)
Completed 200 OK in 81ms (Views: 80.3ms)


Started GET "/" for 127.0.0.1 at 2018-04-23 13:07:41 -0400
Processing by TransactionsController#home as HTML
  Rendering transactions/index.html.erb within layouts/application
  Rendered transactions/index.html.erb within layouts/application (1.3ms)
Completed 200 OK in 50ms (Views: 48.9ms)


Started GET "/" for 127.0.0.1 at 2018-04-23 13:08:22 -0400
Processing by TransactionsController#home as HTML
  Rendering transactions/index.html.erb within layouts/application
  Rendered transactions/index.html.erb within layouts/application (0.5ms)
Completed 200 OK in 19ms (Views: 17.5ms)


Started GET "/" for 127.0.0.1 at 2018-04-23 13:08:32 -0400
Processing by TransactionsController#home as HTML
  Rendering transactions/index.html.erb within layouts/application
  Rendered transactions/index.html.erb within layouts/application (0.6ms)
Completed 200 OK in 43ms (Views: 41.5ms)


Started GET "/" for 127.0.0.1 at 2018-04-23 13:09:30 -0400
Processing by TransactionsController#home as HTML
  Rendering transactions/index.html.erb within layouts/application
  Rendered transactions/index.html.erb within layouts/application (0.5ms)
Completed 200 OK in 40ms (Views: 38.8ms)


Started GET "/" for 127.0.0.1 at 2018-04-24 10:39:47 -0400
Processing by TransactionsController#home as HTML
  Rendering transactions/index.html.erb within layouts/application
  Rendered transactions/index.html.erb within layouts/application (1.5ms)
Completed 200 OK in 67ms (Views: 64.6ms)


Started GET "/" for 127.0.0.1 at 2018-04-24 10:44:07 -0400
Processing by TransactionsController#home as HTML
  Rendering transactions/index.html.erb within layouts/application
  Rendered transactions/index.html.erb within layouts/application (0.7ms)
Completed 200 OK in 84ms (Views: 83.5ms)


Started GET "/transactions" for 127.0.0.1 at 2018-04-24 10:44:07 -0400
Processing by TransactionsController#index as HTML
Completed 200 OK in 8ms (Views: 5.8ms)


Started GET "/" for 127.0.0.1 at 2018-04-24 10:45:08 -0400
Processing by TransactionsController#home as HTML
  Rendering transactions/index.html.erb within layouts/application
  Rendered transactions/index.html.erb within layouts/application (0.7ms)
Completed 200 OK in 116ms (Views: 115.4ms)


Started GET "/transactions" for 127.0.0.1 at 2018-04-24 10:45:09 -0400
Processing by TransactionsController#index as application/JSON
Completed 200 OK in 3ms (Views: 2.4ms)


Started GET "/" for 127.0.0.1 at 2018-04-24 10:48:34 -0400
Processing by TransactionsController#home as HTML
  Rendering transactions/index.html.erb within layouts/application
  Rendered transactions/index.html.erb within layouts/application (1.1ms)
Completed 200 OK in 93ms (Views: 91.7ms)


Started GET "/transactions" for 127.0.0.1 at 2018-04-24 10:48:35 -0400
Processing by TransactionsController#index as application/JSON
Completed 200 OK in 5ms (Views: 3.7ms)


Started GET "/" for 127.0.0.1 at 2018-04-24 10:49:21 -0400
Processing by TransactionsController#home as HTML
  Rendering transactions/index.html.erb within layouts/application
  Rendered transactions/index.html.erb within layouts/application (0.6ms)
Completed 200 OK in 114ms (Views: 112.9ms)


Started GET "/transactions" for 127.0.0.1 at 2018-04-24 10:49:21 -0400
Processing by TransactionsController#index as application/JSON
Completed 200 OK in 5ms (Views: 3.4ms)


Started GET "/" for 127.0.0.1 at 2018-04-24 10:49:40 -0400
Processing by TransactionsController#home as HTML
  Rendering transactions/index.html.erb within layouts/application
  Rendered transactions/index.html.erb within layouts/application (1.2ms)
Completed 200 OK in 59ms (Views: 58.8ms)


Started GET "/transactions" for 127.0.0.1 at 2018-04-24 10:49:41 -0400
Processing by TransactionsController#index as application/JSON
Completed 200 OK in 8ms (Views: 7.1ms)


Started GET "/" for 127.0.0.1 at 2018-04-24 10:53:38 -0400
  
LoadError (cannot load such file -- /Users/hisayohorie1/Documents/js_exercises/transactions/config/routes.rb):
  
activesupport (5.1.6) lib/active_support/dependencies.rb:286:in `load'
activesupport (5.1.6) lib/active_support/dependencies.rb:286:in `block in load'
activesupport (5.1.6) lib/active_support/dependencies.rb:258:in `load_dependency'
activesupport (5.1.6) lib/active_support/dependencies.rb:286:in `load'
railties (5.1.6) lib/rails/application/routes_reloader.rb:55:in `block in load_paths'
railties (5.1.6) lib/rails/application/routes_reloader.rb:55:in `each'
railties (5.1.6) lib/rails/application/routes_reloader.rb:55:in `load_paths'
railties (5.1.6) lib/rails/application/routes_reloader.rb:18:in `reload!'
railties (5.1.6) lib/rails/application/routes_reloader.rb:41:in `block in updater'
activesupport (5.1.6) lib/active_support/file_update_checker.rb:81:in `execute'
railties (5.1.6) lib/rails/application/routes_reloader.rb:25:in `execute'
railties (5.1.6) lib/rails/application/finisher.rb:141:in `block (2 levels) in <module:Finisher>'
activesupport (5.1.6) lib/active_support/callbacks.rb:413:in `instance_exec'
activesupport (5.1.6) lib/active_support/callbacks.rb:413:in `block in make_lambda'
activesupport (5.1.6) lib/active_support/callbacks.rb:197:in `block (2 levels) in halting'
activesupport (5.1.6) lib/active_support/callbacks.rb:601:in `block (2 levels) in default_terminator'
activesupport (5.1.6) lib/active_support/callbacks.rb:600:in `catch'
activesupport (5.1.6) lib/active_support/callbacks.rb:600:in `block in default_terminator'
activesupport (5.1.6) lib/active_support/callbacks.rb:198:in `block in halting'
activesupport (5.1.6) lib/active_support/callbacks.rb:507:in `block in invoke_before'
activesupport (5.1.6) lib/active_support/callbacks.rb:507:in `each'
activesupport (5.1.6) lib/active_support/callbacks.rb:507:in `invoke_before'
activesupport (5.1.6) lib/active_support/callbacks.rb:130:in `run_callbacks'
activesupport (5.1.6) lib/active_support/execution_wrapper.rb:108:in `run!'
activesupport (5.1.6) lib/active_support/reloader.rb:113:in `run!'
activesupport (5.1.6) lib/active_support/execution_wrapper.rb:70:in `block in run!'
activesupport (5.1.6) lib/active_support/execution_wrapper.rb:67:in `tap'
activesupport (5.1.6) lib/active_support/execution_wrapper.rb:67:in `run!'
activesupport (5.1.6) lib/active_support/reloader.rb:59:in `run!'
actionpack (5.1.6) lib/action_dispatch/middleware/executor.rb:10:in `call'
actionpack (5.1.6) lib/action_dispatch/middleware/debug_exceptions.rb:59:in `call'
web-console (3.6.0) lib/web_console/middleware.rb:137:in `call_app'
web-console (3.6.0) lib/web_console/middleware.rb:30:in `block in call'
web-console (3.6.0) lib/web_console/middleware.rb:20:in `catch'
web-console (3.6.0) lib/web_console/middleware.rb:20:in `call'
actionpack (5.1.6) lib/action_dispatch/middleware/show_exceptions.rb:31:in `call'
railties (5.1.6) lib/rails/rack/logger.rb:36:in `call_app'
railties (5.1.6) lib/rails/rack/logger.rb:24:in `block in call'
activesupport (5.1.6) lib/active_support/tagged_logging.rb:69:in `block in tagged'
activesupport (5.1.6) lib/active_support/tagged_logging.rb:26:in `tagged'
activesupport (5.1.6) lib/active_support/tagged_logging.rb:69:in `tagged'
railties (5.1.6) lib/rails/rack/logger.rb:24:in `call'
sprockets-rails (3.2.1) lib/sprockets/rails/quiet_assets.rb:13:in `call'
actionpack (5.1.6) lib/action_dispatch/middleware/remote_ip.rb:79:in `call'
actionpack (5.1.6) lib/action_dispatch/middleware/request_id.rb:25:in `call'
rack (2.0.4) lib/rack/method_override.rb:22:in `call'
rack (2.0.4) lib/rack/runtime.rb:22:in `call'
activesupport (5.1.6) lib/active_support/cache/strategy/local_cache_middleware.rb:27:in `call'
actionpack (5.1.6) lib/action_dispatch/middleware/executor.rb:12:in `call'
actionpack (5.1.6) lib/action_dispatch/middleware/static.rb:125:in `call'
rack (2.0.4) lib/rack/sendfile.rb:111:in `call'
railties (5.1.6) lib/rails/engine.rb:522:in `call'
puma (3.11.4) lib/puma/configuration.rb:225:in `call'
puma (3.11.4) lib/puma/server.rb:632:in `handle_request'
puma (3.11.4) lib/puma/server.rb:446:in `process_client'
puma (3.11.4) lib/puma/server.rb:306:in `block in run'
puma (3.11.4) lib/puma/thread_pool.rb:120:in `block in spawn_thread'
Started GET "/favicon.ico" for 127.0.0.1 at 2018-04-24 10:53:39 -0400
  
ActionController::RoutingError (No route matches [GET] "/favicon.ico"):
  
actionpack (5.1.6) lib/action_dispatch/middleware/debug_exceptions.rb:63:in `call'
web-console (3.6.0) lib/web_console/middleware.rb:137:in `call_app'
web-console (3.6.0) lib/web_console/middleware.rb:30:in `block in call'
web-console (3.6.0) lib/web_console/middleware.rb:20:in `catch'
web-console (3.6.0) lib/web_console/middleware.rb:20:in `call'
actionpack (5.1.6) lib/action_dispatch/middleware/show_exceptions.rb:31:in `call'
railties (5.1.6) lib/rails/rack/logger.rb:36:in `call_app'
railties (5.1.6) lib/rails/rack/logger.rb:24:in `block in call'
activesupport (5.1.6) lib/active_support/tagged_logging.rb:69:in `block in tagged'
activesupport (5.1.6) lib/active_support/tagged_logging.rb:26:in `tagged'
activesupport (5.1.6) lib/active_support/tagged_logging.rb:69:in `tagged'
railties (5.1.6) lib/rails/rack/logger.rb:24:in `call'
sprockets-rails (3.2.1) lib/sprockets/rails/quiet_assets.rb:13:in `call'
actionpack (5.1.6) lib/action_dispatch/middleware/remote_ip.rb:79:in `call'
actionpack (5.1.6) lib/action_dispatch/middleware/request_id.rb:25:in `call'
rack (2.0.4) lib/rack/method_override.rb:22:in `call'
rack (2.0.4) lib/rack/runtime.rb:22:in `call'
activesupport (5.1.6) lib/active_support/cache/strategy/local_cache_middleware.rb:27:in `call'
actionpack (5.1.6) lib/action_dispatch/middleware/executor.rb:12:in `call'
actionpack (5.1.6) lib/action_dispatch/middleware/static.rb:125:in `call'
rack (2.0.4) lib/rack/sendfile.rb:111:in `call'
railties (5.1.6) lib/rails/engine.rb:522:in `call'
puma (3.11.4) lib/puma/configuration.rb:225:in `call'
puma (3.11.4) lib/puma/server.rb:632:in `handle_request'
puma (3.11.4) lib/puma/server.rb:446:in `process_client'
puma (3.11.4) lib/puma/server.rb:306:in `block in run'
puma (3.11.4) lib/puma/thread_pool.rb:120:in `block in spawn_thread'
Started GET "/" for 127.0.0.1 at 2018-04-24 10:58:00 -0400
Processing by TransactionsController#home as HTML
  Rendering transactions/index.html.erb within layouts/application
  Rendered transactions/index.html.erb within layouts/application (1.3ms)
Completed 200 OK in 436ms (Views: 264.9ms)


Started GET "/transactions" for 127.0.0.1 at 2018-04-24 10:58:01 -0400
Processing by TransactionsController#index as application/JSON
Completed 200 OK in 4ms (Views: 2.2ms)


Started GET "/" for 127.0.0.1 at 2018-04-24 10:59:06 -0400
Processing by TransactionsController#home as HTML
  Rendering transactions/index.html.erb within layouts/application
  Rendered transactions/index.html.erb within layouts/application (0.3ms)
Completed 200 OK in 43ms (Views: 42.5ms)


Started GET "/transactions" for 127.0.0.1 at 2018-04-24 10:59:06 -0400
Processing by TransactionsController#index as application/JSON
Completed 200 OK in 2ms (Views: 1.8ms)


Started GET "/" for 127.0.0.1 at 2018-04-24 11:00:17 -0400
Processing by TransactionsController#home as HTML
  Rendering transactions/index.html.erb within layouts/application
  Rendered transactions/index.html.erb within layouts/application (0.3ms)
Completed 200 OK in 48ms (Views: 47.7ms)


Started GET "/transactions" for 127.0.0.1 at 2018-04-24 11:00:18 -0400
Processing by TransactionsController#index as application/JSON
Completed 200 OK in 3ms (Views: 2.3ms)


Started GET "/" for 127.0.0.1 at 2018-04-24 11:01:52 -0400
Processing by TransactionsController#home as HTML
  Rendering transactions/index.html.erb within layouts/application
  Rendered transactions/index.html.erb within layouts/application (0.3ms)
Completed 200 OK in 41ms (Views: 39.8ms)


Started GET "/transactions" for 127.0.0.1 at 2018-04-24 11:01:52 -0400
Processing by TransactionsController#index as application/JSON
Completed 200 OK in 3ms (Views: 2.0ms)


Started GET "/" for 127.0.0.1 at 2018-04-24 11:02:10 -0400
Processing by TransactionsController#home as HTML
  Rendering transactions/index.html.erb within layouts/application
  Rendered transactions/index.html.erb within layouts/application (0.4ms)
Completed 200 OK in 40ms (Views: 39.9ms)


Started GET "/transactions" for 127.0.0.1 at 2018-04-24 11:02:10 -0400
Processing by TransactionsController#index as application/JSON
Completed 200 OK in 3ms (Views: 1.9ms)


Started GET "/" for 127.0.0.1 at 2018-04-24 11:02:35 -0400
Processing by TransactionsController#home as HTML
  Rendering transactions/index.html.erb within layouts/application
  Rendered transactions/index.html.erb within layouts/application (0.3ms)
Completed 200 OK in 15ms (Views: 14.6ms)


Started GET "/transactions" for 127.0.0.1 at 2018-04-24 11:02:35 -0400
Processing by TransactionsController#index as application/JSON
Completed 200 OK in 2ms (Views: 1.1ms)


Started GET "/" for 127.0.0.1 at 2018-04-24 11:02:56 -0400
Processing by TransactionsController#home as HTML
  Rendering transactions/index.html.erb within layouts/application
  Rendered transactions/index.html.erb within layouts/application (0.4ms)
Completed 200 OK in 60ms (Views: 60.0ms)


Started GET "/transactions" for 127.0.0.1 at 2018-04-24 11:02:56 -0400
Processing by TransactionsController#index as application/JSON
Completed 200 OK in 3ms (Views: 1.8ms)


Started GET "/" for 127.0.0.1 at 2018-04-24 11:03:25 -0400
Processing by TransactionsController#home as HTML
  Rendering transactions/index.html.erb within layouts/application
  Rendered transactions/index.html.erb within layouts/application (0.5ms)
Completed 200 OK in 75ms (Views: 74.3ms)


Started GET "/transactions" for 127.0.0.1 at 2018-04-24 11:03:26 -0400
Processing by TransactionsController#index as application/JSON
Completed 200 OK in 3ms (Views: 2.2ms)


Started GET "/" for 127.0.0.1 at 2018-04-24 11:05:50 -0400
Processing by TransactionsController#home as HTML
  Rendering transactions/index.html.erb within layouts/application
  Rendered transactions/index.html.erb within layouts/application (0.3ms)
Completed 200 OK in 17ms (Views: 15.8ms)


Started GET "/transactions" for 127.0.0.1 at 2018-04-24 11:05:50 -0400
Processing by TransactionsController#index as application/JSON
Completed 200 OK in 2ms (Views: 1.4ms)


Started GET "/" for 127.0.0.1 at 2018-04-24 11:06:08 -0400
Processing by TransactionsController#home as HTML
  Rendering transactions/index.html.erb within layouts/application
  Rendered transactions/index.html.erb within layouts/application (0.3ms)
Completed 200 OK in 37ms (Views: 36.8ms)


Started GET "/transactions" for 127.0.0.1 at 2018-04-24 11:06:08 -0400
Processing by TransactionsController#index as application/JSON
Completed 200 OK in 3ms (Views: 1.9ms)


Started GET "/" for 127.0.0.1 at 2018-04-24 11:06:20 -0400
Processing by TransactionsController#home as HTML
  Rendering transactions/index.html.erb within layouts/application
  Rendered transactions/index.html.erb within layouts/application (0.9ms)
Completed 200 OK in 20ms (Views: 19.7ms)


Started GET "/transactions" for 127.0.0.1 at 2018-04-24 11:06:20 -0400
Processing by TransactionsController#index as application/JSON
Completed 200 OK in 4ms (Views: 2.9ms)


Started GET "/" for 127.0.0.1 at 2018-04-24 11:07:09 -0400
Processing by TransactionsController#home as HTML
  Rendering transactions/index.html.erb within layouts/application
  Rendered transactions/index.html.erb within layouts/application (0.4ms)
Completed 200 OK in 44ms (Views: 43.7ms)


Started GET "/transactions" for 127.0.0.1 at 2018-04-24 11:07:10 -0400
Processing by TransactionsController#index as application/JSON
Completed 200 OK in 3ms (Views: 2.0ms)


Started GET "/" for 127.0.0.1 at 2018-04-24 11:07:40 -0400
Processing by TransactionsController#home as HTML
  Rendering transactions/index.html.erb within layouts/application
  Rendered transactions/index.html.erb within layouts/application (0.3ms)
Completed 200 OK in 42ms (Views: 42.0ms)


Started GET "/transactions" for 127.0.0.1 at 2018-04-24 11:07:41 -0400
Processing by TransactionsController#index as application/JSON
Completed 200 OK in 2ms (Views: 1.7ms)


Started GET "/" for 127.0.0.1 at 2018-04-24 11:08:16 -0400
Processing by TransactionsController#home as HTML
  Rendering transactions/index.html.erb within layouts/application
  Rendered transactions/index.html.erb within layouts/application (0.4ms)
Completed 200 OK in 42ms (Views: 41.1ms)


Started GET "/transactions" for 127.0.0.1 at 2018-04-24 11:08:16 -0400
Processing by TransactionsController#index as application/JSON
Completed 200 OK in 2ms (Views: 1.7ms)


Started GET "/" for 127.0.0.1 at 2018-04-24 11:08:32 -0400
Processing by TransactionsController#home as HTML
  Rendering transactions/index.html.erb within layouts/application
  Rendered transactions/index.html.erb within layouts/application (0.3ms)
Completed 200 OK in 40ms (Views: 38.1ms)


Started GET "/transactions" for 127.0.0.1 at 2018-04-24 11:08:33 -0400
Processing by TransactionsController#index as application/JSON
Completed 200 OK in 3ms (Views: 2.0ms)


Started GET "/" for 127.0.0.1 at 2018-04-24 11:09:09 -0400
Processing by TransactionsController#home as HTML
  Rendering transactions/index.html.erb within layouts/application
  Rendered transactions/index.html.erb within layouts/application (0.3ms)
Completed 200 OK in 18ms (Views: 17.7ms)


Started GET "/transactions" for 127.0.0.1 at 2018-04-24 11:09:09 -0400
Processing by TransactionsController#index as application/JSON
Completed 200 OK in 3ms (Views: 2.0ms)


Started GET "/" for 127.0.0.1 at 2018-04-24 11:09:44 -0400
Processing by TransactionsController#home as HTML
  Rendering transactions/index.html.erb within layouts/application
  Rendered transactions/index.html.erb within layouts/application (0.3ms)
Completed 200 OK in 16ms (Views: 14.9ms)


Started GET "/transactions" for 127.0.0.1 at 2018-04-24 11:09:44 -0400
Processing by TransactionsController#index as application/JSON
Completed 200 OK in 3ms (Views: 2.1ms)


Started GET "/" for 127.0.0.1 at 2018-04-24 11:12:45 -0400
Processing by TransactionsController#home as HTML
  Rendering transactions/index.html.erb within layouts/application
  Rendered transactions/index.html.erb within layouts/application (0.3ms)
Completed 200 OK in 36ms (Views: 35.4ms)


Started GET "/json_data" for 127.0.0.1 at 2018-04-24 11:12:45 -0400
Processing by TransactionsController#index as application/JSON
Completed 200 OK in 4ms (Views: 2.8ms)


Started GET "/" for 127.0.0.1 at 2018-04-24 11:15:01 -0400
Processing by TransactionsController#home as HTML
  Rendering transactions/index.html.erb within layouts/application
  Rendered transactions/index.html.erb within layouts/application (0.3ms)
Completed 200 OK in 28ms (Views: 27.5ms)


Started GET "/json_data" for 127.0.0.1 at 2018-04-24 11:15:01 -0400
Processing by TransactionsController#index as application/JSON
Completed 200 OK in 3ms (Views: 2.2ms)


Started GET "/" for 127.0.0.1 at 2018-04-24 11:15:47 -0400
Processing by TransactionsController#home as HTML
  Rendering transactions/index.html.erb within layouts/application
  Rendered transactions/index.html.erb within layouts/application (0.3ms)
Completed 200 OK in 38ms (Views: 37.2ms)


Started GET "/json_data" for 127.0.0.1 at 2018-04-24 11:15:48 -0400
Processing by TransactionsController#index as application/JSON
Completed 200 OK in 3ms (Views: 1.9ms)


Started GET "/" for 127.0.0.1 at 2018-04-24 11:16:29 -0400
Processing by TransactionsController#home as HTML
  Rendering transactions/index.html.erb within layouts/application
  Rendered transactions/index.html.erb within layouts/application (0.7ms)
Completed 200 OK in 43ms (Views: 42.0ms)


Started GET "/json_data" for 127.0.0.1 at 2018-04-24 11:16:29 -0400
Processing by TransactionsController#index as application/JSON
Completed 200 OK in 2ms (Views: 1.8ms)


Started GET "/" for 127.0.0.1 at 2018-04-24 11:17:20 -0400
Processing by TransactionsController#home as HTML
  Rendering transactions/index.html.erb within layouts/application
  Rendered transactions/index.html.erb within layouts/application (0.4ms)
Completed 200 OK in 43ms (Views: 42.1ms)


Started GET "/json_data" for 127.0.0.1 at 2018-04-24 11:17:21 -0400
Processing by TransactionsController#index as application/JSON
Completed 200 OK in 3ms (Views: 2.1ms)


Started GET "/" for 127.0.0.1 at 2018-04-24 11:18:21 -0400
Processing by TransactionsController#home as HTML
  Rendering transactions/index.html.erb within layouts/application
  Rendered transactions/index.html.erb within layouts/application (0.3ms)
Completed 200 OK in 37ms (Views: 37.0ms)


Started GET "/json_data" for 127.0.0.1 at 2018-04-24 11:18:21 -0400
Processing by TransactionsController#index as application/JSON
Completed 200 OK in 2ms (Views: 1.2ms)


Started GET "/" for 127.0.0.1 at 2018-04-24 11:18:42 -0400
Processing by TransactionsController#home as HTML
  Rendering transactions/index.html.erb within layouts/application
  Rendered transactions/index.html.erb within layouts/application (0.7ms)
Completed 200 OK in 40ms (Views: 39.0ms)


Started GET "/json_data" for 127.0.0.1 at 2018-04-24 11:18:42 -0400
Processing by TransactionsController#index as application/JSON
Completed 200 OK in 3ms (Views: 2.2ms)


Started GET "/" for 127.0.0.1 at 2018-04-24 11:19:26 -0400
Processing by TransactionsController#home as HTML
  Rendering transactions/index.html.erb within layouts/application
  Rendered transactions/index.html.erb within layouts/application (0.3ms)
Completed 200 OK in 24ms (Views: 23.3ms)


Started GET "/json_data" for 127.0.0.1 at 2018-04-24 11:19:27 -0400
  
ActionController::RoutingError (No route matches [GET] "/json_data"):
  
actionpack (5.1.6) lib/action_dispatch/middleware/debug_exceptions.rb:63:in `call'
web-console (3.6.0) lib/web_console/middleware.rb:137:in `call_app'
web-console (3.6.0) lib/web_console/middleware.rb:30:in `block in call'
web-console (3.6.0) lib/web_console/middleware.rb:20:in `catch'
web-console (3.6.0) lib/web_console/middleware.rb:20:in `call'
actionpack (5.1.6) lib/action_dispatch/middleware/show_exceptions.rb:31:in `call'
railties (5.1.6) lib/rails/rack/logger.rb:36:in `call_app'
railties (5.1.6) lib/rails/rack/logger.rb:24:in `block in call'
activesupport (5.1.6) lib/active_support/tagged_logging.rb:69:in `block in tagged'
activesupport (5.1.6) lib/active_support/tagged_logging.rb:26:in `tagged'
activesupport (5.1.6) lib/active_support/tagged_logging.rb:69:in `tagged'
railties (5.1.6) lib/rails/rack/logger.rb:24:in `call'
sprockets-rails (3.2.1) lib/sprockets/rails/quiet_assets.rb:13:in `call'
actionpack (5.1.6) lib/action_dispatch/middleware/remote_ip.rb:79:in `call'
actionpack (5.1.6) lib/action_dispatch/middleware/request_id.rb:25:in `call'
rack (2.0.4) lib/rack/method_override.rb:22:in `call'
rack (2.0.4) lib/rack/runtime.rb:22:in `call'
activesupport (5.1.6) lib/active_support/cache/strategy/local_cache_middleware.rb:27:in `call'
actionpack (5.1.6) lib/action_dispatch/middleware/executor.rb:12:in `call'
actionpack (5.1.6) lib/action_dispatch/middleware/static.rb:125:in `call'
rack (2.0.4) lib/rack/sendfile.rb:111:in `call'
railties (5.1.6) lib/rails/engine.rb:522:in `call'
puma (3.11.4) lib/puma/configuration.rb:225:in `call'
puma (3.11.4) lib/puma/server.rb:632:in `handle_request'
puma (3.11.4) lib/puma/server.rb:446:in `process_client'
puma (3.11.4) lib/puma/server.rb:306:in `block in run'
puma (3.11.4) lib/puma/thread_pool.rb:120:in `block in spawn_thread'
Started GET "/" for 127.0.0.1 at 2018-04-24 11:19:36 -0400
Processing by TransactionsController#home as HTML
  Rendering transactions/index.html.erb within layouts/application
  Rendered transactions/index.html.erb within layouts/application (0.4ms)
Completed 200 OK in 36ms (Views: 35.3ms)


Started POST "/json_data" for 127.0.0.1 at 2018-04-24 11:19:36 -0400
Processing by TransactionsController#index as application/JSON
Completed 200 OK in 3ms (Views: 2.3ms)


Started GET "/" for 127.0.0.1 at 2018-04-24 11:21:15 -0400
Processing by TransactionsController#home as HTML
  Rendering transactions/index.html.erb within layouts/application
  Rendered transactions/index.html.erb within layouts/application (0.3ms)
Completed 200 OK in 38ms (Views: 37.0ms)


Started GET "/json_data" for 127.0.0.1 at 2018-04-24 11:21:15 -0400
Processing by TransactionsController#index as application/JSON
Completed 200 OK in 3ms (Views: 2.0ms)


Started GET "/" for 127.0.0.1 at 2018-04-24 11:21:24 -0400
Processing by TransactionsController#home as HTML
  Rendering transactions/index.html.erb within layouts/application
  Rendered transactions/index.html.erb within layouts/application (0.3ms)
Completed 200 OK in 13ms (Views: 12.5ms)


Started GET "/json_data" for 127.0.0.1 at 2018-04-24 11:21:24 -0400
Processing by TransactionsController#index as application/JSON
Completed 200 OK in 4ms (Views: 2.8ms)


Started GET "/" for 127.0.0.1 at 2018-04-24 11:21:35 -0400
Processing by TransactionsController#home as HTML
  Rendering transactions/index.html.erb within layouts/application
  Rendered transactions/index.html.erb within layouts/application (0.3ms)
Completed 200 OK in 16ms (Views: 15.4ms)


Started GET "/json_data" for 127.0.0.1 at 2018-04-24 11:21:35 -0400
Processing by TransactionsController#index as application/JSON
Completed 200 OK in 3ms (Views: 2.2ms)


Started GET "/" for 127.0.0.1 at 2018-04-24 11:37:07 -0400
Processing by TransactionsController#home as HTML
  Rendering transactions/index.html.erb within layouts/application
  Rendered transactions/index.html.erb within layouts/application (0.4ms)
Completed 200 OK in 50ms (Views: 49.9ms)


Started GET "/json_data" for 127.0.0.1 at 2018-04-24 11:37:07 -0400
Processing by TransactionsController#index as application/JSON
Completed 200 OK in 2ms (Views: 1.8ms)


Started GET "/" for 127.0.0.1 at 2018-04-24 11:37:59 -0400
Processing by TransactionsController#home as HTML
  Rendering transactions/index.html.erb within layouts/application
  Rendered transactions/index.html.erb within layouts/application (0.3ms)
Completed 200 OK in 36ms (Views: 35.1ms)


Started GET "/new_sale" for 127.0.0.1 at 2018-04-24 11:37:59 -0400
Processing by TransactionsController#new_sale as HTML
Started GET "/json_data" for 127.0.0.1 at 2018-04-24 11:37:59 -0400
Processing by TransactionsController#index as application/JSON
Completed 200 OK in 3ms (Views: 2.4ms)


  Rendered transactions/_sale_form.html.erb (0.7ms)
Completed 200 OK in 16ms (Views: 15.6ms)


Started GET "/" for 127.0.0.1 at 2018-04-24 11:39:45 -0400
Processing by TransactionsController#home as HTML
  Rendering transactions/index.html.erb within layouts/application
  Rendered transactions/index.html.erb within layouts/application (0.5ms)
Completed 200 OK in 20ms (Views: 18.9ms)


Started GET "/json_data" for 127.0.0.1 at 2018-04-24 11:39:45 -0400
Processing by TransactionsController#index as application/JSON
Completed 200 OK in 3ms (Views: 2.3ms)


Started GET "/" for 127.0.0.1 at 2018-04-24 11:45:42 -0400
Processing by TransactionsController#home as HTML
  Rendering transactions/index.html.erb within layouts/application
  Rendered transactions/index.html.erb within layouts/application (1.1ms)
Completed 200 OK in 57ms (Views: 56.5ms)


Started GET "/json_data" for 127.0.0.1 at 2018-04-24 11:45:43 -0400
Processing by TransactionsController#index as application/JSON
Completed 200 OK in 3ms (Views: 2.5ms)


Started GET "/" for 127.0.0.1 at 2018-04-24 11:46:21 -0400
Processing by TransactionsController#home as HTML
  Rendering transactions/index.html.erb within layouts/application
  Rendered transactions/index.html.erb within layouts/application (0.4ms)
Completed 200 OK in 54ms (Views: 53.2ms)


Started GET "/json_data" for 127.0.0.1 at 2018-04-24 11:46:22 -0400
Processing by TransactionsController#index as application/JSON
Completed 200 OK in 4ms (Views: 2.7ms)


Started GET "/" for 127.0.0.1 at 2018-04-24 11:46:32 -0400
Processing by TransactionsController#home as HTML
  Rendering transactions/index.html.erb within layouts/application
  Rendered transactions/index.html.erb within layouts/application (0.4ms)
Completed 200 OK in 47ms (Views: 46.3ms)


Started GET "/json_data" for 127.0.0.1 at 2018-04-24 11:46:33 -0400
Processing by TransactionsController#index as application/JSON
Completed 200 OK in 5ms (Views: 4.5ms)


Started GET "/" for 127.0.0.1 at 2018-04-24 17:04:27 -0400
Processing by TransactionsController#home as HTML
  Rendering transactions/index.html.erb within layouts/application
  Rendered transactions/index.html.erb within layouts/application (3.9ms)
Completed 200 OK in 125ms (Views: 118.8ms)


Started GET "/json_data" for 127.0.0.1 at 2018-04-24 17:04:28 -0400
Processing by TransactionsController#index as application/JSON
Completed 200 OK in 7ms (Views: 4.2ms)


Started GET "/new_sale" for 127.0.0.1 at 2018-04-24 17:04:33 -0400
Processing by TransactionsController#new_sale as HTML
  Rendered transactions/_sale_form.html.erb (0.6ms)
Completed 200 OK in 5ms (Views: 3.1ms)


Started GET "/new_sale" for 127.0.0.1 at 2018-04-24 17:04:33 -0400
Processing by TransactionsController#new_sale as HTML
  Rendered transactions/_sale_form.html.erb (0.5ms)
Completed 200 OK in 3ms (Views: 2.2ms)


Started GET "/" for 127.0.0.1 at 2018-04-24 17:09:29 -0400
Processing by TransactionsController#home as HTML
  Rendering transactions/index.html.erb within layouts/application
  Rendered transactions/index.html.erb within layouts/application (0.5ms)
Completed 200 OK in 55ms (Views: 53.6ms)


Started GET "/json_data" for 127.0.0.1 at 2018-04-24 17:09:30 -0400
Processing by TransactionsController#index as application/JSON
Completed 200 OK in 6ms (Views: 4.4ms)


Started GET "/" for 127.0.0.1 at 2018-04-24 17:09:31 -0400
Processing by TransactionsController#home as HTML
  Rendering transactions/index.html.erb within layouts/application
  Rendered transactions/index.html.erb within layouts/application (0.5ms)
Completed 200 OK in 22ms (Views: 20.9ms)


Started GET "/json_data" for 127.0.0.1 at 2018-04-24 17:09:31 -0400
Processing by TransactionsController#index as application/JSON
Completed 200 OK in 4ms (Views: 2.4ms)


Started GET "/new_sale" for 127.0.0.1 at 2018-04-24 17:09:33 -0400
Processing by TransactionsController#new_sale as HTML
  Rendered transactions/_sale_form.html.erb (0.5ms)
Completed 200 OK in 5ms (Views: 3.7ms)


Started GET "/new_sale" for 127.0.0.1 at 2018-04-24 17:09:33 -0400
Processing by TransactionsController#new_sale as HTML
  Rendered transactions/_sale_form.html.erb (0.5ms)
Completed 200 OK in 3ms (Views: 1.9ms)


Started GET "/new_sale" for 127.0.0.1 at 2018-04-24 17:09:33 -0400
Processing by TransactionsController#new_sale as HTML
  Rendered transactions/_sale_form.html.erb (0.5ms)
Completed 200 OK in 3ms (Views: 2.4ms)


Started GET "/new_sale" for 127.0.0.1 at 2018-04-24 17:09:34 -0400
Processing by TransactionsController#new_sale as HTML
  Rendered transactions/_sale_form.html.erb (0.3ms)
Completed 200 OK in 3ms (Views: 2.4ms)


Started GET "/" for 127.0.0.1 at 2018-04-24 17:10:27 -0400
Processing by TransactionsController#home as HTML
  Rendering transactions/index.html.erb within layouts/application
  Rendered transactions/index.html.erb within layouts/application (0.6ms)
Completed 200 OK in 47ms (Views: 45.8ms)


Started GET "/json_data" for 127.0.0.1 at 2018-04-24 17:10:27 -0400
Processing by TransactionsController#index as application/JSON
Completed 200 OK in 4ms (Views: 3.0ms)


Started GET "/new_sale" for 127.0.0.1 at 2018-04-24 17:10:32 -0400
Processing by TransactionsController#new_sale as HTML
  Rendered transactions/_sale_form.html.erb (0.3ms)
Completed 200 OK in 4ms (Views: 3.5ms)


Started GET "/" for 127.0.0.1 at 2018-04-24 17:11:02 -0400
Processing by TransactionsController#home as HTML
  Rendering transactions/index.html.erb within layouts/application
  Rendered transactions/index.html.erb within layouts/application (0.4ms)
Completed 200 OK in 51ms (Views: 50.2ms)


Started GET "/" for 127.0.0.1 at 2018-04-24 17:12:40 -0400
Processing by TransactionsController#home as HTML
  Rendering transactions/index.html.erb within layouts/application
  Rendered transactions/index.html.erb within layouts/application (0.4ms)
Completed 200 OK in 52ms (Views: 51.0ms)


Started GET "/json_data" for 127.0.0.1 at 2018-04-24 17:12:41 -0400
Processing by TransactionsController#index as application/JSON
Completed 200 OK in 2ms (Views: 1.1ms)


Started GET "/new_sale" for 127.0.0.1 at 2018-04-24 17:12:43 -0400
Processing by TransactionsController#new_sale as HTML
  Rendered transactions/_sale_form.html.erb (0.3ms)
Completed 200 OK in 3ms (Views: 2.5ms)


Started GET "/" for 127.0.0.1 at 2018-04-24 17:13:02 -0400
Processing by TransactionsController#home as HTML
  Rendering transactions/index.html.erb within layouts/application
  Rendered transactions/index.html.erb within layouts/application (0.4ms)
Completed 200 OK in 36ms (Views: 35.3ms)


Started GET "/json_data" for 127.0.0.1 at 2018-04-24 17:13:02 -0400
Processing by TransactionsController#index as application/JSON
Completed 200 OK in 3ms (Views: 2.2ms)


Started GET "/new_sale" for 127.0.0.1 at 2018-04-24 17:13:04 -0400
Processing by TransactionsController#new_sale as HTML
  Rendered transactions/_sale_form.html.erb (0.3ms)
Completed 200 OK in 4ms (Views: 3.0ms)


Started GET "/" for 127.0.0.1 at 2018-04-24 17:13:19 -0400
Processing by TransactionsController#home as HTML
  Rendering transactions/index.html.erb within layouts/application
  Rendered transactions/index.html.erb within layouts/application (0.4ms)
Completed 200 OK in 17ms (Views: 16.1ms)


Started GET "/json_data" for 127.0.0.1 at 2018-04-24 17:13:19 -0400
Processing by TransactionsController#index as application/JSON
Completed 200 OK in 3ms (Views: 2.8ms)


Started GET "/new_sale" for 127.0.0.1 at 2018-04-24 17:13:21 -0400
Processing by TransactionsController#new_sale as HTML
  Rendered transactions/_sale_form.html.erb (0.3ms)
Completed 200 OK in 3ms (Views: 2.5ms)


Started GET "/" for 127.0.0.1 at 2018-04-24 17:15:15 -0400
Processing by TransactionsController#home as HTML
  Rendering transactions/index.html.erb within layouts/application
  Rendered transactions/index.html.erb within layouts/application (0.3ms)
Completed 200 OK in 38ms (Views: 37.9ms)


Started GET "/json_data" for 127.0.0.1 at 2018-04-24 17:15:15 -0400
Processing by TransactionsController#index as application/JSON
Completed 200 OK in 3ms (Views: 2.0ms)


Started GET "/new_sale" for 127.0.0.1 at 2018-04-24 17:15:17 -0400
Processing by TransactionsController#new_sale as HTML
  Rendered transactions/_sale_form.html.erb (0.3ms)
Completed 200 OK in 3ms (Views: 2.5ms)


Started GET "/" for 127.0.0.1 at 2018-04-24 17:15:52 -0400
Processing by TransactionsController#home as HTML
  Rendering transactions/index.html.erb within layouts/application
  Rendered transactions/index.html.erb within layouts/application (0.4ms)
Completed 200 OK in 38ms (Views: 36.8ms)


Started GET "/json_data" for 127.0.0.1 at 2018-04-24 17:15:53 -0400
Processing by TransactionsController#index as application/JSON
Completed 200 OK in 3ms (Views: 2.1ms)


Started GET "/new_sale" for 127.0.0.1 at 2018-04-24 17:15:54 -0400
Processing by TransactionsController#new_sale as HTML
  Rendered transactions/_sale_form.html.erb (0.3ms)
Completed 200 OK in 3ms (Views: 2.4ms)


Started GET "/new_sale" for 127.0.0.1 at 2018-04-24 17:15:55 -0400
Processing by TransactionsController#new_sale as HTML
  Rendered transactions/_sale_form.html.erb (0.3ms)
Completed 200 OK in 2ms (Views: 1.8ms)


Started GET "/new_sale" for 127.0.0.1 at 2018-04-24 17:15:55 -0400
Processing by TransactionsController#new_sale as HTML
  Rendered transactions/_sale_form.html.erb (0.8ms)
Completed 200 OK in 3ms (Views: 2.8ms)


Started GET "/" for 127.0.0.1 at 2018-04-24 17:16:59 -0400
Processing by TransactionsController#home as HTML
  Rendering transactions/index.html.erb within layouts/application
  Rendered transactions/index.html.erb within layouts/application (0.3ms)
Completed 200 OK in 33ms (Views: 31.6ms)


Started GET "/json_data" for 127.0.0.1 at 2018-04-24 17:16:59 -0400
Processing by TransactionsController#index as application/JSON
Completed 200 OK in 4ms (Views: 3.6ms)


Started GET "/" for 127.0.0.1 at 2018-04-24 17:21:08 -0400
Processing by TransactionsController#home as HTML
  Rendering transactions/index.html.erb within layouts/application
  Rendered transactions/index.html.erb within layouts/application (0.4ms)
Completed 200 OK in 41ms (Views: 40.1ms)


Started GET "/json_data" for 127.0.0.1 at 2018-04-24 17:21:08 -0400
Processing by TransactionsController#index as application/JSON
Completed 200 OK in 3ms (Views: 1.9ms)


Started GET "/new_sale" for 127.0.0.1 at 2018-04-24 17:21:10 -0400
Processing by TransactionsController#new_sale as HTML
  Rendered transactions/_sale_form.html.erb (0.4ms)
Completed 200 OK in 5ms (Views: 3.4ms)


Started GET "/" for 127.0.0.1 at 2018-04-24 17:22:00 -0400
Processing by TransactionsController#home as HTML
  Rendering transactions/index.html.erb within layouts/application
  Rendered transactions/index.html.erb within layouts/application (0.5ms)
Completed 200 OK in 16ms (Views: 15.4ms)


Started GET "/json_data" for 127.0.0.1 at 2018-04-24 17:22:00 -0400
Processing by TransactionsController#index as application/JSON
Completed 200 OK in 3ms (Views: 2.0ms)


Started GET "/new_sale" for 127.0.0.1 at 2018-04-24 17:22:02 -0400
Processing by TransactionsController#new_sale as HTML
  Rendered transactions/_sale_form.html.erb (0.4ms)
Completed 200 OK in 4ms (Views: 3.4ms)


Started GET "/" for 127.0.0.1 at 2018-04-24 17:33:58 -0400
Processing by TransactionsController#home as HTML
  Rendering transactions/index.html.erb within layouts/application
  Rendered transactions/index.html.erb within layouts/application (0.5ms)
Completed 200 OK in 32ms (Views: 31.0ms)


Started GET "/json_data" for 127.0.0.1 at 2018-04-24 17:33:58 -0400
Processing by TransactionsController#index as application/JSON
Completed 200 OK in 3ms (Views: 2.1ms)


Started GET "/new_sale" for 127.0.0.1 at 2018-04-24 17:33:59 -0400
Processing by TransactionsController#new_sale as HTML
  Rendered transactions/_sale_form.html.erb (0.4ms)
Completed 200 OK in 4ms (Views: 3.0ms)


Started GET "/" for 127.0.0.1 at 2018-04-24 17:35:12 -0400
Processing by TransactionsController#home as HTML
  Rendering transactions/index.html.erb within layouts/application
  Rendered transactions/index.html.erb within layouts/application (0.3ms)
Completed 200 OK in 34ms (Views: 33.1ms)


Started GET "/json_data" for 127.0.0.1 at 2018-04-24 17:35:12 -0400
Processing by TransactionsController#index as application/JSON
Completed 200 OK in 3ms (Views: 2.4ms)


Started GET "/new_sale" for 127.0.0.1 at 2018-04-24 17:35:14 -0400
Processing by TransactionsController#new_sale as HTML
  Rendered transactions/_sale_form.html.erb (0.4ms)
Completed 200 OK in 3ms (Views: 2.5ms)


Started GET "/" for 127.0.0.1 at 2018-04-24 17:36:07 -0400
Processing by TransactionsController#home as HTML
  Rendering transactions/index.html.erb within layouts/application
  Rendered transactions/index.html.erb within layouts/application (0.4ms)
Completed 200 OK in 42ms (Views: 40.4ms)


Started GET "/json_data" for 127.0.0.1 at 2018-04-24 17:36:07 -0400
Processing by TransactionsController#index as application/JSON
Completed 200 OK in 3ms (Views: 2.2ms)


Started GET "/new_sale" for 127.0.0.1 at 2018-04-24 17:36:08 -0400
Processing by TransactionsController#new_sale as HTML
  Rendered transactions/_sale_form.html.erb (0.6ms)
Completed 200 OK in 4ms (Views: 3.3ms)


Started GET "/" for 127.0.0.1 at 2018-04-24 17:36:19 -0400
Processing by TransactionsController#home as HTML
  Rendering transactions/index.html.erb within layouts/application
  Rendered transactions/index.html.erb within layouts/application (0.3ms)
Completed 200 OK in 48ms (Views: 47.3ms)


Started GET "/json_data" for 127.0.0.1 at 2018-04-24 17:36:19 -0400
Processing by TransactionsController#index as application/JSON
Completed 200 OK in 3ms (Views: 2.3ms)


Started GET "/new_sale" for 127.0.0.1 at 2018-04-24 17:36:21 -0400
Processing by TransactionsController#new_sale as HTML
  Rendered transactions/_sale_form.html.erb (0.4ms)
Completed 200 OK in 4ms (Views: 2.8ms)


Started GET "/" for 127.0.0.1 at 2018-04-24 17:36:39 -0400
Processing by TransactionsController#home as HTML
  Rendering transactions/index.html.erb within layouts/application
  Rendered transactions/index.html.erb within layouts/application (0.3ms)
Completed 200 OK in 15ms (Views: 14.4ms)


Started GET "/json_data" for 127.0.0.1 at 2018-04-24 17:36:40 -0400
Processing by TransactionsController#index as application/JSON
Completed 200 OK in 2ms (Views: 1.3ms)


Started GET "/" for 127.0.0.1 at 2018-04-24 17:36:50 -0400
Processing by TransactionsController#home as HTML
  Rendering transactions/index.html.erb within layouts/application
  Rendered transactions/index.html.erb within layouts/application (0.4ms)
Completed 200 OK in 36ms (Views: 35.9ms)


Started GET "/json_data" for 127.0.0.1 at 2018-04-24 17:36:50 -0400
Processing by TransactionsController#index as application/JSON
Completed 200 OK in 3ms (Views: 2.0ms)


Started GET "/new_sale" for 127.0.0.1 at 2018-04-24 17:36:52 -0400
Processing by TransactionsController#new_sale as HTML
  Rendered transactions/_sale_form.html.erb (0.4ms)
Completed 200 OK in 4ms (Views: 2.9ms)


Started GET "/" for 127.0.0.1 at 2018-04-24 17:37:20 -0400
Processing by TransactionsController#home as HTML
  Rendering transactions/index.html.erb within layouts/application
  Rendered transactions/index.html.erb within layouts/application (0.4ms)
Completed 200 OK in 78ms (Views: 77.5ms)


Started GET "/json_data" for 127.0.0.1 at 2018-04-24 17:37:20 -0400
Processing by TransactionsController#index as application/JSON
Completed 200 OK in 3ms (Views: 2.5ms)


Started GET "/new_sale" for 127.0.0.1 at 2018-04-24 17:37:22 -0400
Processing by TransactionsController#new_sale as HTML
  Rendered transactions/_sale_form.html.erb (0.3ms)
Completed 200 OK in 3ms (Views: 2.6ms)


Started GET "/" for 127.0.0.1 at 2018-04-24 17:37:47 -0400
Processing by TransactionsController#home as HTML
  Rendering transactions/index.html.erb within layouts/application
  Rendered transactions/index.html.erb within layouts/application (0.4ms)
Completed 200 OK in 39ms (Views: 38.5ms)


Started GET "/json_data" for 127.0.0.1 at 2018-04-24 17:37:47 -0400
Processing by TransactionsController#index as application/JSON
Completed 200 OK in 3ms (Views: 2.1ms)


Started GET "/new_sale" for 127.0.0.1 at 2018-04-24 17:37:49 -0400
Processing by TransactionsController#new_sale as HTML
  Rendered transactions/_sale_form.html.erb (0.3ms)
Completed 200 OK in 3ms (Views: 2.8ms)


Started GET "/new_sale" for 127.0.0.1 at 2018-04-24 17:37:52 -0400
Processing by TransactionsController#new_sale as HTML
  Rendered transactions/_sale_form.html.erb (0.3ms)
Completed 200 OK in 3ms (Views: 1.9ms)


Started GET "/" for 127.0.0.1 at 2018-04-24 17:38:48 -0400
Processing by TransactionsController#home as HTML
  Rendering transactions/index.html.erb within layouts/application
  Rendered transactions/index.html.erb within layouts/application (0.4ms)
Completed 200 OK in 39ms (Views: 38.5ms)


Started GET "/" for 127.0.0.1 at 2018-04-24 17:38:55 -0400
Processing by TransactionsController#home as HTML
  Rendering transactions/index.html.erb within layouts/application
  Rendered transactions/index.html.erb within layouts/application (0.4ms)
Completed 200 OK in 40ms (Views: 38.5ms)


Started GET "/json_data" for 127.0.0.1 at 2018-04-24 17:38:55 -0400
Processing by TransactionsController#index as application/JSON
Completed 200 OK in 5ms (Views: 4.5ms)


Started GET "/new_sale" for 127.0.0.1 at 2018-04-24 17:38:57 -0400
Processing by TransactionsController#new_sale as HTML
  Rendered transactions/_sale_form.html.erb (0.4ms)
Completed 200 OK in 4ms (Views: 3.6ms)


Started GET "/" for 127.0.0.1 at 2018-04-24 17:39:32 -0400
Processing by TransactionsController#home as HTML
  Rendering transactions/index.html.erb within layouts/application
  Rendered transactions/index.html.erb within layouts/application (0.5ms)
Completed 200 OK in 49ms (Views: 47.5ms)


Started GET "/json_data" for 127.0.0.1 at 2018-04-24 17:39:32 -0400
Processing by TransactionsController#index as application/JSON
Completed 200 OK in 4ms (Views: 2.9ms)


Started GET "/new_sale" for 127.0.0.1 at 2018-04-24 17:39:34 -0400
Processing by TransactionsController#new_sale as HTML
  Rendered transactions/_sale_form.html.erb (0.3ms)
Completed 200 OK in 3ms (Views: 2.7ms)


Started GET "/" for 127.0.0.1 at 2018-04-24 17:40:45 -0400
Processing by TransactionsController#home as HTML
  Rendering transactions/index.html.erb within layouts/application
  Rendered transactions/index.html.erb within layouts/application (0.3ms)
Completed 200 OK in 41ms (Views: 40.9ms)


Started GET "/json_data" for 127.0.0.1 at 2018-04-24 17:40:45 -0400
Processing by TransactionsController#index as application/JSON
Completed 200 OK in 9ms (Views: 7.6ms)


Started GET "/new_sale" for 127.0.0.1 at 2018-04-24 17:40:46 -0400
Processing by TransactionsController#new_sale as HTML
  Rendered transactions/_sale_form.html.erb (0.6ms)
Completed 200 OK in 4ms (Views: 2.0ms)


Started GET "/" for 127.0.0.1 at 2018-04-24 17:41:03 -0400
Processing by TransactionsController#home as HTML
  Rendering transactions/index.html.erb within layouts/application
  Rendered transactions/index.html.erb within layouts/application (0.3ms)
Completed 200 OK in 52ms (Views: 50.8ms)


Started GET "/json_data" for 127.0.0.1 at 2018-04-24 17:41:04 -0400
Processing by TransactionsController#index as application/JSON
Completed 200 OK in 5ms (Views: 4.0ms)


Started GET "/new_sale" for 127.0.0.1 at 2018-04-24 17:41:05 -0400
Processing by TransactionsController#new_sale as HTML
  Rendered transactions/_sale_form.html.erb (0.7ms)
Completed 200 OK in 3ms (Views: 2.8ms)


Started GET "/" for 127.0.0.1 at 2018-04-24 17:41:40 -0400
Processing by TransactionsController#home as HTML
  Rendering transactions/index.html.erb within layouts/application
  Rendered transactions/index.html.erb within layouts/application (0.4ms)
Completed 200 OK in 29ms (Views: 28.6ms)


Started GET "/json_data" for 127.0.0.1 at 2018-04-24 17:41:40 -0400
Processing by TransactionsController#index as application/JSON
Completed 200 OK in 3ms (Views: 2.3ms)


Started GET "/new_sale" for 127.0.0.1 at 2018-04-24 17:41:42 -0400
Processing by TransactionsController#new_sale as HTML
  Rendered transactions/_sale_form.html.erb (0.4ms)
Completed 200 OK in 3ms (Views: 2.7ms)


Started GET "/" for 127.0.0.1 at 2018-04-24 17:42:32 -0400
Processing by TransactionsController#home as HTML
  Rendering transactions/index.html.erb within layouts/application
  Rendered transactions/index.html.erb within layouts/application (0.4ms)
Completed 200 OK in 136ms (Views: 135.7ms)


Started GET "/json_data" for 127.0.0.1 at 2018-04-24 17:42:33 -0400
Processing by TransactionsController#index as application/JSON
Completed 200 OK in 3ms (Views: 1.9ms)


Started GET "/new_sale" for 127.0.0.1 at 2018-04-24 17:42:34 -0400
Processing by TransactionsController#new_sale as HTML
  Rendered transactions/_sale_form.html.erb (0.4ms)
Completed 200 OK in 4ms (Views: 2.8ms)


Started GET "/" for 127.0.0.1 at 2018-04-24 17:42:50 -0400
Processing by TransactionsController#home as HTML
  Rendering transactions/index.html.erb within layouts/application
  Rendered transactions/index.html.erb within layouts/application (0.6ms)
Completed 200 OK in 37ms (Views: 35.8ms)


Started GET "/json_data" for 127.0.0.1 at 2018-04-24 17:42:51 -0400
Processing by TransactionsController#index as application/JSON
Completed 200 OK in 3ms (Views: 2.2ms)


Started GET "/new_sale" for 127.0.0.1 at 2018-04-24 17:42:52 -0400
Processing by TransactionsController#new_sale as HTML
  Rendered transactions/_sale_form.html.erb (0.3ms)
Completed 200 OK in 4ms (Views: 2.8ms)


Started GET "/" for 127.0.0.1 at 2018-04-24 17:43:03 -0400
Processing by TransactionsController#home as HTML
  Rendering transactions/index.html.erb within layouts/application
  Rendered transactions/index.html.erb within layouts/application (0.4ms)
Completed 200 OK in 35ms (Views: 34.5ms)


Started GET "/json_data" for 127.0.0.1 at 2018-04-24 17:43:03 -0400
Processing by TransactionsController#index as application/JSON
Completed 200 OK in 2ms (Views: 1.9ms)


Started GET "/new_sale" for 127.0.0.1 at 2018-04-24 17:43:05 -0400
Processing by TransactionsController#new_sale as HTML
  Rendered transactions/_sale_form.html.erb (0.4ms)
Completed 200 OK in 3ms (Views: 2.4ms)


Started GET "/" for 127.0.0.1 at 2018-04-24 17:43:46 -0400
Processing by TransactionsController#home as HTML
  Rendering transactions/index.html.erb within layouts/application
  Rendered transactions/index.html.erb within layouts/application (0.3ms)
Completed 200 OK in 39ms (Views: 38.7ms)


Started GET "/json_data" for 127.0.0.1 at 2018-04-24 17:43:46 -0400
Processing by TransactionsController#index as application/JSON
Completed 200 OK in 3ms (Views: 2.2ms)


Started GET "/new_sale" for 127.0.0.1 at 2018-04-24 17:43:48 -0400
Processing by TransactionsController#new_sale as HTML
  Rendered transactions/_sale_form.html.erb (0.3ms)
Completed 200 OK in 4ms (Views: 2.7ms)


Started GET "/" for 127.0.0.1 at 2018-04-24 17:43:59 -0400
Processing by TransactionsController#home as HTML
  Rendering transactions/index.html.erb within layouts/application
  Rendered transactions/index.html.erb within layouts/application (0.3ms)
Completed 200 OK in 41ms (Views: 40.2ms)


Started GET "/json_data" for 127.0.0.1 at 2018-04-24 17:43:59 -0400
Processing by TransactionsController#index as application/JSON
Completed 200 OK in 3ms (Views: 2.2ms)


Started GET "/new_sale" for 127.0.0.1 at 2018-04-24 17:44:01 -0400
Processing by TransactionsController#new_sale as HTML
  Rendered transactions/_sale_form.html.erb (0.4ms)
Completed 200 OK in 3ms (Views: 2.1ms)


Started GET "/" for 127.0.0.1 at 2018-04-24 17:44:09 -0400
Processing by TransactionsController#home as HTML
  Rendering transactions/index.html.erb within layouts/application
  Rendered transactions/index.html.erb within layouts/application (0.4ms)
Completed 200 OK in 50ms (Views: 48.9ms)


Started GET "/json_data" for 127.0.0.1 at 2018-04-24 17:44:09 -0400
Processing by TransactionsController#index as application/JSON
Completed 200 OK in 3ms (Views: 2.4ms)


Started GET "/new_sale" for 127.0.0.1 at 2018-04-24 17:44:10 -0400
Processing by TransactionsController#new_sale as HTML
  Rendered transactions/_sale_form.html.erb (0.3ms)
Completed 200 OK in 3ms (Views: 2.6ms)


Started GET "/" for 127.0.0.1 at 2018-04-24 17:44:21 -0400
Processing by TransactionsController#home as HTML
  Rendering transactions/index.html.erb within layouts/application
  Rendered transactions/index.html.erb within layouts/application (0.3ms)
Completed 200 OK in 35ms (Views: 34.9ms)


Started GET "/json_data" for 127.0.0.1 at 2018-04-24 17:44:21 -0400
Processing by TransactionsController#index as application/JSON
Completed 200 OK in 3ms (Views: 2.0ms)


Started GET "/new_sale" for 127.0.0.1 at 2018-04-24 17:44:22 -0400
Processing by TransactionsController#new_sale as HTML
  Rendered transactions/_sale_form.html.erb (0.4ms)
Completed 200 OK in 3ms (Views: 2.9ms)


Started GET "/" for 127.0.0.1 at 2018-04-24 17:44:28 -0400
Processing by TransactionsController#home as HTML
  Rendering transactions/index.html.erb within layouts/application
  Rendered transactions/index.html.erb within layouts/application (0.4ms)
Completed 200 OK in 39ms (Views: 38.5ms)


Started GET "/json_data" for 127.0.0.1 at 2018-04-24 17:44:28 -0400
Processing by TransactionsController#index as application/JSON
Completed 200 OK in 3ms (Views: 2.5ms)


Started GET "/new_sale" for 127.0.0.1 at 2018-04-24 17:44:29 -0400
Processing by TransactionsController#new_sale as HTML
  Rendered transactions/_sale_form.html.erb (0.3ms)
Completed 200 OK in 3ms (Views: 2.5ms)


Started GET "/new_sale" for 127.0.0.1 at 2018-04-24 17:44:44 -0400
Processing by TransactionsController#new_sale as HTML
  Rendered transactions/_sale_form.html.erb (0.4ms)
Completed 200 OK in 3ms (Views: 2.3ms)


Started GET "/" for 127.0.0.1 at 2018-04-24 17:44:49 -0400
Processing by TransactionsController#home as HTML
  Rendering transactions/index.html.erb within layouts/application
  Rendered transactions/index.html.erb within layouts/application (0.3ms)
Completed 200 OK in 16ms (Views: 15.5ms)


Started GET "/json_data" for 127.0.0.1 at 2018-04-24 17:44:49 -0400
Processing by TransactionsController#index as application/JSON
Completed 200 OK in 3ms (Views: 2.3ms)


Started GET "/new_sale" for 127.0.0.1 at 2018-04-24 17:44:50 -0400
Processing by TransactionsController#new_sale as HTML
  Rendered transactions/_sale_form.html.erb (0.4ms)
Completed 200 OK in 4ms (Views: 2.9ms)


Started GET "/" for 127.0.0.1 at 2018-04-24 17:45:23 -0400
Processing by TransactionsController#home as HTML
  Rendering transactions/index.html.erb within layouts/application
  Rendered transactions/index.html.erb within layouts/application (0.3ms)
Completed 200 OK in 36ms (Views: 35.3ms)


Started GET "/json_data" for 127.0.0.1 at 2018-04-24 17:45:23 -0400
Processing by TransactionsController#index as application/JSON
Completed 200 OK in 3ms (Views: 2.4ms)


Started GET "/new_sale" for 127.0.0.1 at 2018-04-24 17:45:25 -0400
Processing by TransactionsController#new_sale as HTML
  Rendered transactions/_sale_form.html.erb (0.3ms)
Completed 200 OK in 4ms (Views: 2.8ms)


Started GET "/" for 127.0.0.1 at 2018-04-24 17:45:32 -0400
Processing by TransactionsController#home as HTML
  Rendering transactions/index.html.erb within layouts/application
  Rendered transactions/index.html.erb within layouts/application (0.4ms)
Completed 200 OK in 42ms (Views: 41.8ms)


Started GET "/json_data" for 127.0.0.1 at 2018-04-24 17:45:33 -0400
Processing by TransactionsController#index as application/JSON
Completed 200 OK in 3ms (Views: 2.7ms)


Started GET "/new_sale" for 127.0.0.1 at 2018-04-24 17:45:35 -0400
Processing by TransactionsController#new_sale as HTML
  Rendered transactions/_sale_form.html.erb (0.3ms)
Completed 200 OK in 5ms (Views: 3.5ms)


Started GET "/" for 127.0.0.1 at 2018-04-24 17:45:42 -0400
Processing by TransactionsController#home as HTML
  Rendering transactions/index.html.erb within layouts/application
  Rendered transactions/index.html.erb within layouts/application (0.3ms)
Completed 200 OK in 50ms (Views: 49.1ms)


Started GET "/json_data" for 127.0.0.1 at 2018-04-24 17:45:42 -0400
Processing by TransactionsController#index as application/JSON
Completed 200 OK in 3ms (Views: 2.7ms)


Started GET "/new_sale" for 127.0.0.1 at 2018-04-24 17:45:43 -0400
Processing by TransactionsController#new_sale as HTML
  Rendered transactions/_sale_form.html.erb (0.3ms)
Completed 200 OK in 4ms (Views: 3.5ms)


Started GET "/" for 127.0.0.1 at 2018-04-24 17:46:58 -0400
Processing by TransactionsController#home as HTML
  Rendering transactions/index.html.erb within layouts/application
  Rendered transactions/index.html.erb within layouts/application (0.3ms)
Completed 200 OK in 38ms (Views: 37.5ms)


Started GET "/json_data" for 127.0.0.1 at 2018-04-24 17:46:58 -0400
Processing by TransactionsController#index as application/JSON
Completed 200 OK in 3ms (Views: 2.1ms)


Started GET "/new_sale" for 127.0.0.1 at 2018-04-24 17:46:59 -0400
Processing by TransactionsController#new_sale as HTML
  Rendered transactions/_sale_form.html.erb (0.3ms)
Completed 200 OK in 4ms (Views: 3.4ms)


Started GET "/" for 127.0.0.1 at 2018-04-24 17:47:21 -0400
Processing by TransactionsController#home as HTML
  Rendering transactions/index.html.erb within layouts/application
  Rendered transactions/index.html.erb within layouts/application (0.3ms)
Completed 200 OK in 37ms (Views: 36.9ms)


Started GET "/json_data" for 127.0.0.1 at 2018-04-24 17:47:21 -0400
Processing by TransactionsController#index as application/JSON
Completed 200 OK in 3ms (Views: 2.1ms)


Started GET "/new_sale" for 127.0.0.1 at 2018-04-24 17:47:23 -0400
Processing by TransactionsController#new_sale as HTML
  Rendered transactions/_sale_form.html.erb (0.8ms)
Completed 200 OK in 5ms (Views: 4.5ms)


Started GET "/" for 127.0.0.1 at 2018-04-24 17:53:27 -0400
Processing by TransactionsController#home as HTML
  Rendering transactions/index.html.erb within layouts/application
  Rendered transactions/index.html.erb within layouts/application (0.3ms)
Completed 200 OK in 36ms (Views: 35.8ms)


Started GET "/json_data" for 127.0.0.1 at 2018-04-24 17:53:28 -0400
Processing by TransactionsController#index as application/JSON
Completed 200 OK in 3ms (Views: 2.4ms)


Started GET "/new_sale" for 127.0.0.1 at 2018-04-24 17:53:29 -0400
Processing by TransactionsController#new_sale as HTML
  Rendered transactions/_sale_form.html.erb (0.4ms)
Completed 200 OK in 5ms (Views: 3.8ms)


Started GET "/" for 127.0.0.1 at 2018-04-24 17:53:47 -0400
Processing by TransactionsController#home as HTML
  Rendering transactions/index.html.erb within layouts/application
  Rendered transactions/index.html.erb within layouts/application (0.3ms)
Completed 200 OK in 17ms (Views: 15.5ms)


Started GET "/json_data" for 127.0.0.1 at 2018-04-24 17:53:48 -0400
Processing by TransactionsController#index as application/JSON
Completed 200 OK in 3ms (Views: 2.6ms)


Started GET "/new_sale" for 127.0.0.1 at 2018-04-24 17:53:49 -0400
Processing by TransactionsController#new_sale as HTML
  Rendered transactions/_sale_form.html.erb (0.3ms)
Completed 200 OK in 4ms (Views: 3.6ms)


Started GET "/" for 127.0.0.1 at 2018-04-24 17:55:08 -0400
Processing by TransactionsController#home as HTML
  Rendering transactions/index.html.erb within layouts/application
  Rendered transactions/index.html.erb within layouts/application (0.3ms)
Completed 200 OK in 42ms (Views: 41.5ms)


Started GET "/json_data" for 127.0.0.1 at 2018-04-24 17:55:08 -0400
Processing by TransactionsController#index as application/JSON
Completed 200 OK in 3ms (Views: 2.0ms)


Started GET "/new_sale" for 127.0.0.1 at 2018-04-24 17:55:10 -0400
Processing by TransactionsController#new_sale as HTML
  Rendered transactions/_sale_form.html.erb (0.4ms)
Completed 200 OK in 4ms (Views: 3.2ms)


Started GET "/" for 127.0.0.1 at 2018-04-24 17:55:36 -0400
Processing by TransactionsController#home as HTML
  Rendering transactions/index.html.erb within layouts/application
  Rendered transactions/index.html.erb within layouts/application (0.3ms)
Completed 200 OK in 40ms (Views: 39.2ms)


Started GET "/json_data" for 127.0.0.1 at 2018-04-24 17:55:37 -0400
Processing by TransactionsController#index as application/JSON
Completed 200 OK in 2ms (Views: 1.7ms)


Started GET "/new_sale" for 127.0.0.1 at 2018-04-24 17:55:38 -0400
Processing by TransactionsController#new_sale as HTML
  Rendered transactions/_sale_form.html.erb (0.3ms)
Completed 200 OK in 3ms (Views: 2.6ms)


Started GET "/new_sale" for 127.0.0.1 at 2018-04-24 17:55:43 -0400
Processing by TransactionsController#new_sale as HTML
  Rendered transactions/_sale_form.html.erb (0.5ms)
Completed 200 OK in 3ms (Views: 2.2ms)


Started GET "/new_sale" for 127.0.0.1 at 2018-04-24 17:55:44 -0400
Processing by TransactionsController#new_sale as HTML
  Rendered transactions/_sale_form.html.erb (0.4ms)
Completed 200 OK in 3ms (Views: 2.1ms)


Started GET "/new_sale" for 127.0.0.1 at 2018-04-24 17:55:45 -0400
Processing by TransactionsController#new_sale as HTML
  Rendered transactions/_sale_form.html.erb (0.5ms)
Completed 200 OK in 3ms (Views: 2.0ms)


Started GET "/new_sale" for 127.0.0.1 at 2018-04-24 17:55:46 -0400
Processing by TransactionsController#new_sale as HTML
  Rendered transactions/_sale_form.html.erb (0.3ms)
Completed 200 OK in 3ms (Views: 2.0ms)


Started GET "/new_sale" for 127.0.0.1 at 2018-04-24 17:55:47 -0400
Processing by TransactionsController#new_sale as HTML
  Rendered transactions/_sale_form.html.erb (0.3ms)
Completed 200 OK in 3ms (Views: 2.3ms)


Started GET "/" for 127.0.0.1 at 2018-04-24 17:55:48 -0400
Processing by TransactionsController#home as HTML
  Rendering transactions/index.html.erb within layouts/application
  Rendered transactions/index.html.erb within layouts/application (0.4ms)
Completed 200 OK in 15ms (Views: 14.4ms)


Started GET "/json_data" for 127.0.0.1 at 2018-04-24 17:55:49 -0400
Processing by TransactionsController#index as application/JSON
Completed 200 OK in 3ms (Views: 1.9ms)


Started GET "/new_sale" for 127.0.0.1 at 2018-04-24 17:55:50 -0400
Processing by TransactionsController#new_sale as HTML
  Rendered transactions/_sale_form.html.erb (0.4ms)
Completed 200 OK in 3ms (Views: 2.8ms)


Started GET "/new_sale" for 127.0.0.1 at 2018-04-24 17:56:09 -0400
Processing by TransactionsController#new_sale as HTML
  Rendered transactions/_sale_form.html.erb (0.3ms)
Completed 200 OK in 3ms (Views: 2.0ms)


Started GET "/" for 127.0.0.1 at 2018-04-24 17:56:59 -0400
Processing by TransactionsController#home as HTML
  Rendering transactions/index.html.erb within layouts/application
  Rendered transactions/index.html.erb within layouts/application (0.3ms)
Completed 200 OK in 40ms (Views: 39.1ms)


Started GET "/json_data" for 127.0.0.1 at 2018-04-24 17:56:59 -0400
Processing by TransactionsController#index as application/JSON
Completed 200 OK in 3ms (Views: 2.4ms)


Started GET "/new_sale" for 127.0.0.1 at 2018-04-24 17:57:02 -0400
Processing by TransactionsController#new_sale as HTML
  Rendered transactions/_sale_form.html.erb (0.3ms)
Completed 200 OK in 4ms (Views: 2.8ms)


Started GET "/new_sale" for 127.0.0.1 at 2018-04-24 17:57:03 -0400
Processing by TransactionsController#new_sale as HTML
  Rendered transactions/_sale_form.html.erb (0.3ms)
Completed 200 OK in 3ms (Views: 2.1ms)


Started GET "/new_sale" for 127.0.0.1 at 2018-04-24 17:57:03 -0400
Processing by TransactionsController#new_sale as HTML
  Rendered transactions/_sale_form.html.erb (0.5ms)
Completed 200 OK in 3ms (Views: 2.1ms)


Started GET "/new_sale" for 127.0.0.1 at 2018-04-24 17:57:05 -0400
Processing by TransactionsController#new_sale as HTML
  Rendered transactions/_sale_form.html.erb (0.3ms)
Completed 200 OK in 3ms (Views: 1.8ms)


Started GET "/new_sale" for 127.0.0.1 at 2018-04-24 17:57:07 -0400
Processing by TransactionsController#new_sale as HTML
  Rendered transactions/_sale_form.html.erb (0.3ms)
Completed 200 OK in 3ms (Views: 2.1ms)


Started GET "/" for 127.0.0.1 at 2018-04-24 17:57:16 -0400
Processing by TransactionsController#home as HTML
  Rendering transactions/index.html.erb within layouts/application
  Rendered transactions/index.html.erb within layouts/application (0.4ms)
Completed 200 OK in 38ms (Views: 36.9ms)


Started GET "/json_data" for 127.0.0.1 at 2018-04-24 17:57:16 -0400
Processing by TransactionsController#index as application/JSON
Completed 200 OK in 3ms (Views: 2.3ms)


Started GET "/new_sale" for 127.0.0.1 at 2018-04-24 17:57:18 -0400
Processing by TransactionsController#new_sale as HTML
  Rendered transactions/_sale_form.html.erb (0.3ms)
Completed 200 OK in 3ms (Views: 2.4ms)


Started GET "/" for 127.0.0.1 at 2018-04-24 17:57:24 -0400
Processing by TransactionsController#home as HTML
  Rendering transactions/index.html.erb within layouts/application
  Rendered transactions/index.html.erb within layouts/application (0.4ms)
Completed 200 OK in 19ms (Views: 18.2ms)


Started GET "/json_data" for 127.0.0.1 at 2018-04-24 17:57:24 -0400
Processing by TransactionsController#index as application/JSON
Completed 200 OK in 3ms (Views: 2.6ms)


Started GET "/new_sale" for 127.0.0.1 at 2018-04-24 17:57:26 -0400
Processing by TransactionsController#new_sale as HTML
  Rendered transactions/_sale_form.html.erb (0.4ms)
Completed 200 OK in 3ms (Views: 2.5ms)


Started GET "/new_sale" for 127.0.0.1 at 2018-04-24 17:57:28 -0400
Processing by TransactionsController#new_sale as HTML
  Rendered transactions/_sale_form.html.erb (0.3ms)
Completed 200 OK in 3ms (Views: 1.8ms)


Started GET "/new_sale" for 127.0.0.1 at 2018-04-24 17:57:29 -0400
Processing by TransactionsController#new_sale as HTML
  Rendered transactions/_sale_form.html.erb (0.6ms)
Completed 200 OK in 4ms (Views: 2.9ms)


Started GET "/new_sale" for 127.0.0.1 at 2018-04-24 17:57:29 -0400
Processing by TransactionsController#new_sale as HTML
  Rendered transactions/_sale_form.html.erb (0.3ms)
Completed 200 OK in 3ms (Views: 2.1ms)


Started GET "/new_sale" for 127.0.0.1 at 2018-04-24 17:57:30 -0400
Processing by TransactionsController#new_sale as HTML
  Rendered transactions/_sale_form.html.erb (0.3ms)
Completed 200 OK in 3ms (Views: 2.1ms)


Started GET "/new_sale" for 127.0.0.1 at 2018-04-24 17:57:30 -0400
Processing by TransactionsController#new_sale as HTML
  Rendered transactions/_sale_form.html.erb (0.5ms)
Completed 200 OK in 3ms (Views: 2.2ms)


Started GET "/new_sale" for 127.0.0.1 at 2018-04-24 17:57:31 -0400
Processing by TransactionsController#new_sale as HTML
  Rendered transactions/_sale_form.html.erb (0.3ms)
Completed 200 OK in 3ms (Views: 2.1ms)


Started GET "/" for 127.0.0.1 at 2018-04-24 17:57:31 -0400
Processing by TransactionsController#home as HTML
  Rendering transactions/index.html.erb within layouts/application
  Rendered transactions/index.html.erb within layouts/application (0.4ms)
Completed 200 OK in 14ms (Views: 13.7ms)


Started GET "/json_data" for 127.0.0.1 at 2018-04-24 17:57:31 -0400
Processing by TransactionsController#index as application/JSON
Completed 200 OK in 3ms (Views: 2.2ms)


Started GET "/new_sale" for 127.0.0.1 at 2018-04-24 17:57:32 -0400
Processing by TransactionsController#new_sale as HTML
  Rendered transactions/_sale_form.html.erb (0.3ms)
Completed 200 OK in 4ms (Views: 2.6ms)


Started GET "/" for 127.0.0.1 at 2018-04-24 17:57:45 -0400
Processing by TransactionsController#home as HTML
  Rendering transactions/index.html.erb within layouts/application
  Rendered transactions/index.html.erb within layouts/application (0.3ms)
Completed 200 OK in 39ms (Views: 37.8ms)


Started GET "/json_data" for 127.0.0.1 at 2018-04-24 17:57:45 -0400
Processing by TransactionsController#index as application/JSON
Completed 200 OK in 3ms (Views: 2.2ms)


Started GET "/new_sale" for 127.0.0.1 at 2018-04-24 17:57:47 -0400
Processing by TransactionsController#new_sale as HTML
  Rendered transactions/_sale_form.html.erb (0.9ms)
Completed 200 OK in 4ms (Views: 2.8ms)


Started GET "/" for 127.0.0.1 at 2018-04-24 17:57:51 -0400
Processing by TransactionsController#home as HTML
  Rendering transactions/index.html.erb within layouts/application
  Rendered transactions/index.html.erb within layouts/application (0.5ms)
Completed 200 OK in 18ms (Views: 17.1ms)


Started GET "/json_data" for 127.0.0.1 at 2018-04-24 17:57:51 -0400
Processing by TransactionsController#index as application/JSON
Completed 200 OK in 3ms (Views: 2.0ms)


Started GET "/new_sale" for 127.0.0.1 at 2018-04-24 17:57:52 -0400
Processing by TransactionsController#new_sale as HTML
  Rendered transactions/_sale_form.html.erb (0.3ms)
Completed 200 OK in 3ms (Views: 2.6ms)


Started GET "/" for 127.0.0.1 at 2018-04-24 17:57:55 -0400
Processing by TransactionsController#home as HTML
  Rendering transactions/index.html.erb within layouts/application
  Rendered transactions/index.html.erb within layouts/application (0.3ms)
Completed 200 OK in 17ms (Views: 15.9ms)


Started GET "/json_data" for 127.0.0.1 at 2018-04-24 17:57:55 -0400
Processing by TransactionsController#index as application/JSON
Completed 200 OK in 3ms (Views: 2.3ms)


Started GET "/new_sale" for 127.0.0.1 at 2018-04-24 17:57:56 -0400
Processing by TransactionsController#new_sale as HTML
  Rendered transactions/_sale_form.html.erb (0.3ms)
Completed 200 OK in 3ms (Views: 2.6ms)


Started GET "/" for 127.0.0.1 at 2018-04-24 17:58:39 -0400
Processing by TransactionsController#home as HTML
  Rendering transactions/index.html.erb within layouts/application
  Rendered transactions/index.html.erb within layouts/application (0.4ms)
Completed 200 OK in 37ms (Views: 36.2ms)


Started GET "/json_data" for 127.0.0.1 at 2018-04-24 17:58:39 -0400
Processing by TransactionsController#index as application/JSON
Completed 200 OK in 3ms (Views: 2.2ms)


Started GET "/new_sale" for 127.0.0.1 at 2018-04-24 17:58:41 -0400
Processing by TransactionsController#new_sale as HTML
  Rendered transactions/_sale_form.html.erb (0.4ms)
Completed 200 OK in 3ms (Views: 2.7ms)


Started GET "/new_sale" for 127.0.0.1 at 2018-04-24 17:58:42 -0400
Processing by TransactionsController#new_sale as HTML
  Rendered transactions/_sale_form.html.erb (0.4ms)
Completed 200 OK in 3ms (Views: 1.9ms)


Started GET "/new_sale" for 127.0.0.1 at 2018-04-24 17:58:42 -0400
Processing by TransactionsController#new_sale as HTML
  Rendered transactions/_sale_form.html.erb (0.3ms)
Completed 200 OK in 3ms (Views: 1.8ms)


Started GET "/new_sale" for 127.0.0.1 at 2018-04-24 17:58:42 -0400
Processing by TransactionsController#new_sale as HTML
  Rendered transactions/_sale_form.html.erb (0.3ms)
Completed 200 OK in 3ms (Views: 1.8ms)


Started GET "/" for 127.0.0.1 at 2018-04-24 17:58:46 -0400
Processing by TransactionsController#home as HTML
  Rendering transactions/index.html.erb within layouts/application
  Rendered transactions/index.html.erb within layouts/application (0.4ms)
Completed 200 OK in 26ms (Views: 25.7ms)


Started GET "/json_data" for 127.0.0.1 at 2018-04-24 17:58:46 -0400
Processing by TransactionsController#index as application/JSON
Completed 200 OK in 3ms (Views: 2.1ms)


Started GET "/new_sale" for 127.0.0.1 at 2018-04-24 17:58:49 -0400
Processing by TransactionsController#new_sale as HTML
  Rendered transactions/_sale_form.html.erb (0.3ms)
Completed 200 OK in 3ms (Views: 2.5ms)


Started GET "/" for 127.0.0.1 at 2018-04-24 17:59:03 -0400
Processing by TransactionsController#home as HTML
  Rendering transactions/index.html.erb within layouts/application
  Rendered transactions/index.html.erb within layouts/application (0.8ms)
Completed 200 OK in 39ms (Views: 38.7ms)


Started GET "/" for 127.0.0.1 at 2018-04-24 17:59:10 -0400
Processing by TransactionsController#home as HTML
  Rendering transactions/index.html.erb within layouts/application
  Rendered transactions/index.html.erb within layouts/application (0.3ms)
Completed 200 OK in 34ms (Views: 33.6ms)


Started GET "/" for 127.0.0.1 at 2018-04-24 17:59:16 -0400
Processing by TransactionsController#home as HTML
  Rendering transactions/index.html.erb within layouts/application
  Rendered transactions/index.html.erb within layouts/application (0.5ms)
Completed 200 OK in 17ms (Views: 16.5ms)


Started GET "/json_data" for 127.0.0.1 at 2018-04-24 17:59:17 -0400
Processing by TransactionsController#index as application/JSON
Completed 200 OK in 3ms (Views: 2.1ms)


Started GET "/new_sale" for 127.0.0.1 at 2018-04-24 17:59:19 -0400
Processing by TransactionsController#new_sale as HTML
  Rendered transactions/_sale_form.html.erb (0.3ms)
Completed 200 OK in 4ms (Views: 3.4ms)


Started GET "/new_sale" for 127.0.0.1 at 2018-04-24 17:59:19 -0400
Processing by TransactionsController#new_sale as HTML
  Rendered transactions/_sale_form.html.erb (0.3ms)
Completed 200 OK in 3ms (Views: 2.4ms)


Started GET "/new_sale" for 127.0.0.1 at 2018-04-24 17:59:20 -0400
Processing by TransactionsController#new_sale as HTML
  Rendered transactions/_sale_form.html.erb (0.4ms)
Completed 200 OK in 3ms (Views: 2.0ms)


Started GET "/" for 127.0.0.1 at 2018-04-24 17:59:21 -0400
Processing by TransactionsController#home as HTML
  Rendering transactions/index.html.erb within layouts/application
  Rendered transactions/index.html.erb within layouts/application (0.4ms)
Completed 200 OK in 17ms (Views: 16.7ms)


Started GET "/json_data" for 127.0.0.1 at 2018-04-24 17:59:21 -0400
Processing by TransactionsController#index as application/JSON
Completed 200 OK in 3ms (Views: 2.1ms)


Started GET "/new_sale" for 127.0.0.1 at 2018-04-24 17:59:22 -0400
Processing by TransactionsController#new_sale as HTML
  Rendered transactions/_sale_form.html.erb (0.3ms)
Completed 200 OK in 3ms (Views: 2.6ms)


Started GET "/new_sale" for 127.0.0.1 at 2018-04-24 17:59:22 -0400
Processing by TransactionsController#new_sale as HTML
  Rendered transactions/_sale_form.html.erb (0.3ms)
Completed 200 OK in 3ms (Views: 1.9ms)


Started GET "/new_sale" for 127.0.0.1 at 2018-04-24 17:59:23 -0400
Processing by TransactionsController#new_sale as HTML
  Rendered transactions/_sale_form.html.erb (0.3ms)
Completed 200 OK in 3ms (Views: 1.8ms)


Started GET "/" for 127.0.0.1 at 2018-04-24 17:59:27 -0400
Processing by TransactionsController#home as HTML
  Rendering transactions/index.html.erb within layouts/application
  Rendered transactions/index.html.erb within layouts/application (0.3ms)
Completed 200 OK in 40ms (Views: 39.3ms)


Started GET "/json_data" for 127.0.0.1 at 2018-04-24 17:59:27 -0400
Processing by TransactionsController#index as application/JSON
Completed 200 OK in 3ms (Views: 2.2ms)


Started GET "/" for 127.0.0.1 at 2018-04-24 18:00:34 -0400
Processing by TransactionsController#home as HTML
  Rendering transactions/index.html.erb within layouts/application
  Rendered transactions/index.html.erb within layouts/application (0.3ms)
Completed 200 OK in 41ms (Views: 39.9ms)


Started GET "/json_data" for 127.0.0.1 at 2018-04-24 18:00:34 -0400
Processing by TransactionsController#index as application/JSON
Completed 200 OK in 3ms (Views: 2.4ms)


Started GET "/new_sale" for 127.0.0.1 at 2018-04-24 18:00:35 -0400
Processing by TransactionsController#new_sale as HTML
  Rendered transactions/_sale_form.html.erb (0.3ms)
Completed 200 OK in 4ms (Views: 3.5ms)


Started GET "/new_sale" for 127.0.0.1 at 2018-04-24 18:00:37 -0400
Processing by TransactionsController#new_sale as HTML
  Rendered transactions/_sale_form.html.erb (0.3ms)
Completed 200 OK in 3ms (Views: 1.9ms)


Started GET "/" for 127.0.0.1 at 2018-04-24 18:00:52 -0400
Processing by TransactionsController#home as HTML
  Rendering transactions/index.html.erb within layouts/application
  Rendered transactions/index.html.erb within layouts/application (0.6ms)
Completed 200 OK in 36ms (Views: 35.3ms)


Started GET "/json_data" for 127.0.0.1 at 2018-04-24 18:00:52 -0400
Processing by TransactionsController#index as application/JSON
Completed 200 OK in 4ms (Views: 2.4ms)


Started GET "/new_sale" for 127.0.0.1 at 2018-04-24 18:00:53 -0400
Processing by TransactionsController#new_sale as HTML
  Rendered transactions/_sale_form.html.erb (0.3ms)
Completed 200 OK in 3ms (Views: 1.9ms)


Started GET "/" for 127.0.0.1 at 2018-04-24 18:01:43 -0400
Processing by TransactionsController#home as HTML
  Rendering transactions/index.html.erb within layouts/application
  Rendered transactions/index.html.erb within layouts/application (0.3ms)
Completed 200 OK in 35ms (Views: 34.2ms)


Started GET "/json_data" for 127.0.0.1 at 2018-04-24 18:01:43 -0400
Processing by TransactionsController#index as application/JSON
Completed 200 OK in 3ms (Views: 2.3ms)


Started GET "/new_sale" for 127.0.0.1 at 2018-04-24 18:01:45 -0400
Processing by TransactionsController#new_sale as HTML
  Rendered transactions/_sale_form.html.erb (0.8ms)
Completed 200 OK in 3ms (Views: 2.6ms)


Started GET "/new_sale" for 127.0.0.1 at 2018-04-24 18:01:46 -0400
Processing by TransactionsController#new_sale as HTML
  Rendered transactions/_sale_form.html.erb (0.3ms)
Completed 200 OK in 2ms (Views: 1.8ms)


Started GET "/new_sale" for 127.0.0.1 at 2018-04-24 18:01:47 -0400
Processing by TransactionsController#new_sale as HTML
  Rendered transactions/_sale_form.html.erb (0.3ms)
Completed 200 OK in 3ms (Views: 1.9ms)


Started GET "/new_sale" for 127.0.0.1 at 2018-04-24 18:01:47 -0400
Processing by TransactionsController#new_sale as HTML
  Rendered transactions/_sale_form.html.erb (0.3ms)
Completed 200 OK in 3ms (Views: 2.2ms)


Started GET "/" for 127.0.0.1 at 2018-04-24 18:02:14 -0400
Processing by TransactionsController#home as HTML
  Rendering transactions/index.html.erb within layouts/application
  Rendered transactions/index.html.erb within layouts/application (0.3ms)
Completed 200 OK in 39ms (Views: 37.7ms)


Started GET "/json_data" for 127.0.0.1 at 2018-04-24 18:02:14 -0400
Processing by TransactionsController#index as application/JSON
Completed 200 OK in 3ms (Views: 2.1ms)


Started GET "/new_sale" for 127.0.0.1 at 2018-04-24 18:02:16 -0400
Processing by TransactionsController#new_sale as HTML
  Rendered transactions/_sale_form.html.erb (0.3ms)
Completed 200 OK in 3ms (Views: 2.6ms)


Started GET "/new_sale" for 127.0.0.1 at 2018-04-24 18:02:20 -0400
Processing by TransactionsController#new_sale as HTML
  Rendered transactions/_sale_form.html.erb (0.4ms)
Completed 200 OK in 3ms (Views: 2.4ms)


Started GET "/new_sale" for 127.0.0.1 at 2018-04-24 18:02:22 -0400
Processing by TransactionsController#new_sale as HTML
  Rendered transactions/_sale_form.html.erb (0.4ms)
Completed 200 OK in 3ms (Views: 1.8ms)


Started GET "/new_sale" for 127.0.0.1 at 2018-04-24 18:02:22 -0400
Processing by TransactionsController#new_sale as HTML
  Rendered transactions/_sale_form.html.erb (0.3ms)
Completed 200 OK in 3ms (Views: 1.9ms)


Started GET "/new_sale" for 127.0.0.1 at 2018-04-24 18:02:23 -0400
Processing by TransactionsController#new_sale as HTML
  Rendered transactions/_sale_form.html.erb (0.4ms)
Completed 200 OK in 4ms (Views: 2.9ms)


Started GET "/" for 127.0.0.1 at 2018-04-24 18:03:52 -0400
Processing by TransactionsController#home as HTML
  Rendering transactions/index.html.erb within layouts/application
  Rendered transactions/index.html.erb within layouts/application (0.3ms)
Completed 200 OK in 35ms (Views: 34.7ms)


Started GET "/json_data" for 127.0.0.1 at 2018-04-24 18:03:52 -0400
Processing by TransactionsController#index as application/JSON
Completed 200 OK in 3ms (Views: 2.3ms)


Started GET "/new_sale" for 127.0.0.1 at 2018-04-24 18:03:54 -0400
Processing by TransactionsController#new_sale as HTML
  Rendered transactions/_sale_form.html.erb (0.3ms)
Completed 200 OK in 4ms (Views: 3.5ms)


Started GET "/new_sale" for 127.0.0.1 at 2018-04-24 18:03:54 -0400
Processing by TransactionsController#new_sale as HTML
  Rendered transactions/_sale_form.html.erb (0.4ms)
Completed 200 OK in 3ms (Views: 2.0ms)


Started GET "/new_sale" for 127.0.0.1 at 2018-04-24 18:03:55 -0400
Processing by TransactionsController#new_sale as HTML
  Rendered transactions/_sale_form.html.erb (0.7ms)
Completed 200 OK in 8ms (Views: 2.8ms)


Started GET "/" for 127.0.0.1 at 2018-04-24 18:04:17 -0400
Processing by TransactionsController#home as HTML
  Rendering transactions/index.html.erb within layouts/application
  Rendered transactions/index.html.erb within layouts/application (0.3ms)
Completed 200 OK in 41ms (Views: 40.4ms)


Started GET "/json_data" for 127.0.0.1 at 2018-04-24 18:04:17 -0400
Processing by TransactionsController#index as application/JSON
Completed 200 OK in 3ms (Views: 2.0ms)


Started GET "/new_sale" for 127.0.0.1 at 2018-04-24 18:04:19 -0400
Processing by TransactionsController#new_sale as HTML
  Rendered transactions/_sale_form.html.erb (0.3ms)
Completed 200 OK in 4ms (Views: 3.3ms)


Started GET "/" for 127.0.0.1 at 2018-04-24 18:04:42 -0400
Processing by TransactionsController#home as HTML
  Rendering transactions/index.html.erb within layouts/application
  Rendered transactions/index.html.erb within layouts/application (0.3ms)
Completed 200 OK in 35ms (Views: 34.1ms)


Started GET "/json_data" for 127.0.0.1 at 2018-04-24 18:04:42 -0400
Processing by TransactionsController#index as application/JSON
Completed 200 OK in 3ms (Views: 2.1ms)


Started GET "/new_sale" for 127.0.0.1 at 2018-04-24 18:04:44 -0400
Processing by TransactionsController#new_sale as HTML
  Rendered transactions/_sale_form.html.erb (0.4ms)
Completed 200 OK in 3ms (Views: 2.6ms)


Started GET "/" for 127.0.0.1 at 2018-04-24 18:05:01 -0400
Processing by TransactionsController#home as HTML
  Rendering transactions/index.html.erb within layouts/application
  Rendered transactions/index.html.erb within layouts/application (0.3ms)
Completed 200 OK in 41ms (Views: 40.4ms)


Started GET "/json_data" for 127.0.0.1 at 2018-04-24 18:05:02 -0400
Processing by TransactionsController#index as application/JSON
Completed 200 OK in 3ms (Views: 2.1ms)


Started GET "/new_sale" for 127.0.0.1 at 2018-04-24 18:05:03 -0400
Processing by TransactionsController#new_sale as HTML
  Rendered transactions/_sale_form.html.erb (0.3ms)
Completed 200 OK in 3ms (Views: 2.7ms)


Started GET "/new_sale" for 127.0.0.1 at 2018-04-24 18:05:05 -0400
Processing by TransactionsController#new_sale as HTML
  Rendered transactions/_sale_form.html.erb (0.3ms)
Completed 200 OK in 3ms (Views: 2.2ms)


Started GET "/new_sale" for 127.0.0.1 at 2018-04-24 18:05:06 -0400
Processing by TransactionsController#new_sale as HTML
  Rendered transactions/_sale_form.html.erb (0.3ms)
Completed 200 OK in 2ms (Views: 1.8ms)


Started GET "/new_sale" for 127.0.0.1 at 2018-04-24 18:05:06 -0400
Processing by TransactionsController#new_sale as HTML
  Rendered transactions/_sale_form.html.erb (0.3ms)
Completed 200 OK in 3ms (Views: 2.0ms)


